  World.cpp
  Gravity.cpp
  Field.cpp
  EntityFactory.cpp
c:\users\user\documents\visual studio 2015\projects\deadinthewater\deadinthewater\entityfactory.cpp(43): error C2228: left of '.size' must have class/struct/union
c:\users\user\documents\visual studio 2015\projects\deadinthewater\deadinthewater\entityfactory.cpp(45): error C2597: illegal reference to non-static member 'World::fields'
  c:\users\user\documents\visual studio 2015\projects\deadinthewater\deadinthewater\entityfactory.cpp(45): note: see declaration of 'World::fields'
c:\users\user\documents\visual studio 2015\projects\deadinthewater\deadinthewater\entityfactory.cpp(45): error C3867: 'World::fields': non-standard syntax; use '&' to create a pointer to member
c:\users\user\documents\visual studio 2015\projects\deadinthewater\deadinthewater\entityfactory.cpp(45): error C2109: subscript requires array or pointer type
c:\users\user\documents\visual studio 2015\projects\deadinthewater\deadinthewater\entityfactory.cpp(134): error C2039: 'fieldNames': is not a member of 'EntityFactory'
  c:\users\user\documents\visual studio 2015\projects\deadinthewater\deadinthewater\entityfactory.h(21): note: see declaration of 'EntityFactory'
c:\users\user\documents\visual studio 2015\projects\deadinthewater\deadinthewater\entityfactory.cpp(134): error C2065: 'fieldNames': undeclared identifier
c:\users\user\documents\visual studio 2015\projects\deadinthewater\deadinthewater\entityfactory.cpp(134): error C2228: left of '.begin' must have class/struct/union
  c:\users\user\documents\visual studio 2015\projects\deadinthewater\deadinthewater\entityfactory.cpp(134): note: type is 'unknown-type'
c:\users\user\documents\visual studio 2015\projects\deadinthewater\deadinthewater\entityfactory.cpp(134): error C2228: left of '.end' must have class/struct/union
  c:\users\user\documents\visual studio 2015\projects\deadinthewater\deadinthewater\entityfactory.cpp(134): note: type is 'unknown-type'
c:\users\user\documents\visual studio 2015\projects\deadinthewater\deadinthewater\entityfactory.cpp(134): error C2672: 'std::find': no matching overloaded function found
c:\users\user\documents\visual studio 2015\projects\deadinthewater\deadinthewater\entityfactory.cpp(134): error C2780: '_InIt std::find(_InIt,_InIt,const _Ty &)': expects 3 arguments - 2 provided
  c:\program files (x86)\microsoft visual studio 14.0\vc\include\xutility(3158): note: see declaration of 'std::find'
c:\users\user\documents\visual studio 2015\projects\deadinthewater\deadinthewater\entityfactory.cpp(155): error C2039: 'fieldNames': is not a member of 'EntityFactory'
  c:\users\user\documents\visual studio 2015\projects\deadinthewater\deadinthewater\entityfactory.h(21): note: see declaration of 'EntityFactory'
c:\users\user\documents\visual studio 2015\projects\deadinthewater\deadinthewater\entityfactory.cpp(155): error C2065: 'fieldNames': undeclared identifier
c:\users\user\documents\visual studio 2015\projects\deadinthewater\deadinthewater\entityfactory.cpp(155): error C2228: left of '.begin' must have class/struct/union
  c:\users\user\documents\visual studio 2015\projects\deadinthewater\deadinthewater\entityfactory.cpp(155): note: type is 'unknown-type'
c:\users\user\documents\visual studio 2015\projects\deadinthewater\deadinthewater\entityfactory.cpp(155): error C2228: left of '.end' must have class/struct/union
  c:\users\user\documents\visual studio 2015\projects\deadinthewater\deadinthewater\entityfactory.cpp(155): note: type is 'unknown-type'
c:\users\user\documents\visual studio 2015\projects\deadinthewater\deadinthewater\entityfactory.cpp(155): error C2672: 'std::find': no matching overloaded function found
c:\users\user\documents\visual studio 2015\projects\deadinthewater\deadinthewater\entityfactory.cpp(155): error C2780: '_InIt std::find(_InIt,_InIt,const _Ty &)': expects 3 arguments - 2 provided
  c:\program files (x86)\microsoft visual studio 14.0\vc\include\xutility(3158): note: see declaration of 'std::find'
c:\users\user\documents\visual studio 2015\projects\deadinthewater\deadinthewater\entityfactory.cpp(168): error C2039: 'behaviors': is not a member of 'EntityFactory'
  c:\users\user\documents\visual studio 2015\projects\deadinthewater\deadinthewater\entityfactory.h(21): note: see declaration of 'EntityFactory'
c:\users\user\documents\visual studio 2015\projects\deadinthewater\deadinthewater\entityfactory.cpp(168): error C2065: 'behaviors': undeclared identifier
c:\users\user\documents\visual studio 2015\projects\deadinthewater\deadinthewater\entityfactory.cpp(168): error C2228: left of '.at' must have class/struct/union
  c:\users\user\documents\visual studio 2015\projects\deadinthewater\deadinthewater\entityfactory.cpp(168): note: type is 'unknown-type'
c:\users\user\documents\visual studio 2015\projects\deadinthewater\deadinthewater\entityfactory.cpp(168): error C2039: 'behaviorNames': is not a member of 'EntityFactory'
  c:\users\user\documents\visual studio 2015\projects\deadinthewater\deadinthewater\entityfactory.h(21): note: see declaration of 'EntityFactory'
c:\users\user\documents\visual studio 2015\projects\deadinthewater\deadinthewater\entityfactory.cpp(168): error C2065: 'behaviorNames': undeclared identifier
c:\users\user\documents\visual studio 2015\projects\deadinthewater\deadinthewater\entityfactory.cpp(168): error C2228: left of '.begin' must have class/struct/union
  c:\users\user\documents\visual studio 2015\projects\deadinthewater\deadinthewater\entityfactory.cpp(168): note: type is 'unknown-type'
c:\users\user\documents\visual studio 2015\projects\deadinthewater\deadinthewater\entityfactory.cpp(168): error C2228: left of '.end' must have class/struct/union
  c:\users\user\documents\visual studio 2015\projects\deadinthewater\deadinthewater\entityfactory.cpp(168): note: type is 'unknown-type'
c:\users\user\documents\visual studio 2015\projects\deadinthewater\deadinthewater\entityfactory.cpp(168): error C2672: 'std::find': no matching overloaded function found
c:\users\user\documents\visual studio 2015\projects\deadinthewater\deadinthewater\entityfactory.cpp(168): error C2780: '_InIt std::find(_InIt,_InIt,const _Ty &)': expects 3 arguments - 2 provided
  c:\program files (x86)\microsoft visual studio 14.0\vc\include\xutility(3158): note: see declaration of 'std::find'
  Entity.cpp
c:\users\user\documents\visual studio 2015\projects\deadinthewater\deadinthewater\entity.cpp(74): warning C4018: '<': signed/unsigned mismatch
c:\users\user\documents\visual studio 2015\projects\deadinthewater\deadinthewater\entity.cpp(98): warning C4018: '<': signed/unsigned mismatch
  Fields.cpp
  Behaviors.cpp
  Generating Code...
c:\users\user\documents\visual studio 2015\projects\deadinthewater\deadinthewater\entity.h(80): warning C4715: 'Entity::access<double>': not all control paths return a value
  Compiling...
  Selectables.cpp
  RenderCircle.cpp
c:\users\user\documents\visual studio 2015\projects\deadinthewater\deadinthewater\rendercircle.cpp(9): warning C4244: 'argument': conversion from 'P::TYPE_radius' to 'float', possible loss of data
c:\users\user\documents\visual studio 2015\projects\deadinthewater\deadinthewater\rendercircle.cpp(11): warning C4244: 'argument': conversion from 'P::TYPE_radius' to 'float', possible loss of data
c:\users\user\documents\visual studio 2015\projects\deadinthewater\deadinthewater\rendercircle.cpp(13): warning C4244: 'argument': conversion from 'P::TYPE_radius' to 'float', possible loss of data
  Main.cpp
c:\users\user\documents\visual studio 2015\projects\deadinthewater\deadinthewater\main.cpp(10): error C2039: 'registerFields': is not a member of 'World'
  c:\users\user\documents\visual studio 2015\projects\deadinthewater\deadinthewater\world.h(22): note: see declaration of 'World'
c:\users\user\documents\visual studio 2015\projects\deadinthewater\deadinthewater\main.cpp(10): error C3861: 'registerFields': identifier not found
c:\users\user\documents\visual studio 2015\projects\deadinthewater\deadinthewater\main.cpp(11): error C2039: 'registerBehaviors': is not a member of 'World'
  c:\users\user\documents\visual studio 2015\projects\deadinthewater\deadinthewater\world.h(22): note: see declaration of 'World'
c:\users\user\documents\visual studio 2015\projects\deadinthewater\deadinthewater\main.cpp(11): error C3861: 'registerBehaviors': identifier not found
  KillIfNotMoving.cpp
  KeyboardVelocity.cpp
  IncrementVelocity.cpp
  IncrementPosition.cpp
  Game.cpp
  Collisions.cpp
  SpawnOnSpace.cpp
  Camera2DRenderCircle.cpp
c:\users\user\documents\visual studio 2015\projects\deadinthewater\deadinthewater\camera2drendercircle.cpp(9): warning C4244: 'argument': conversion from 'P::TYPE_renderRadius' to 'float', possible loss of data
c:\users\user\documents\visual studio 2015\projects\deadinthewater\deadinthewater\camera2drendercircle.cpp(11): warning C4244: 'argument': conversion from 'P::TYPE_renderRadius' to 'float', possible loss of data
c:\users\user\documents\visual studio 2015\projects\deadinthewater\deadinthewater\camera2drendercircle.cpp(13): warning C4244: 'argument': conversion from 'P::TYPE_renderRadius' to 'float', possible loss of data
  Camera2D.cpp
  Generating Code...
c:\users\user\documents\visual studio 2015\projects\deadinthewater\deadinthewater\entity.h(80): warning C4715: 'Entity::access<double>': not all control paths return a value
c:\users\user\documents\visual studio 2015\projects\deadinthewater\deadinthewater\entity.h(80): warning C4715: 'Entity::access<sf::Color>': not all control paths return a value
c:\users\user\documents\visual studio 2015\projects\deadinthewater\deadinthewater\entity.h(80): warning C4715: 'Entity::access<bool>': not all control paths return a value
c:\users\user\documents\visual studio 2015\projects\deadinthewater\deadinthewater\entity.h(80): warning C4715: 'Entity::access<double>': not all control paths return a value
c:\users\user\documents\visual studio 2015\projects\deadinthewater\deadinthewater\entity.h(80): warning C4715: 'Entity::access<double>': not all control paths return a value
c:\users\user\documents\visual studio 2015\projects\deadinthewater\deadinthewater\entity.h(80): warning C4715: 'Entity::access<double>': not all control paths return a value
c:\users\user\documents\visual studio 2015\projects\deadinthewater\deadinthewater\entity.h(80): warning C4715: 'Entity::access<double>': not all control paths return a value
c:\users\user\documents\visual studio 2015\projects\deadinthewater\deadinthewater\entity.h(80): warning C4715: 'Entity::access<bool>': not all control paths return a value
c:\users\user\documents\visual studio 2015\projects\deadinthewater\deadinthewater\entity.h(80): warning C4715: 'Entity::access<double>': not all control paths return a value
c:\users\user\documents\visual studio 2015\projects\deadinthewater\deadinthewater\entity.h(80): warning C4715: 'Entity::access<double>': not all control paths return a value
c:\users\user\documents\visual studio 2015\projects\deadinthewater\deadinthewater\entity.h(80): warning C4715: 'Entity::access<double>': not all control paths return a value
c:\users\user\documents\visual studio 2015\projects\deadinthewater\deadinthewater\entity.h(80): warning C4715: 'Entity::access<bool>': not all control paths return a value
  Skipping... (no relevant changes detected)
  Properties.cpp
